<?xml version="1.0" encoding="UTF-8"?>
<robot generator="Robot 7.2.2 (Python 3.11.9 on win32)" generated="2025-04-09T14:37:53.131520" rpa="false" schemaversion="5">
<suite id="s1" name="Login Test" source="D:\WorkSpace\anfo work\robotframework\tests\login\login_test.robot">
<test id="s1-t1" name="Valid Login Test" line="8">
<kw name="Set Browser Timeout" owner="Browser" type="SETUP">
<msg time="2025-04-09T14:37:53.751078" level="INFO">Starting Browser process C:\Users\vua\AppData\Local\Packages\PythonSoftwareFoundation.Python.3.11_qbz5n2kfra8p0\LocalCache\local-packages\Python311\site-packages\Browser\wrapper\index.js using port 60427</msg>
<msg time="2025-04-09T14:37:53.751078" level="INFO">Node startup parameters: ['node', 'C:\\Users\\vua\\AppData\\Local\\Packages\\PythonSoftwareFoundation.Python.3.11_qbz5n2kfra8p0\\LocalCache\\local-packages\\Python311\\site-packages\\Browser\\wrapper\\index.js', '60427']</msg>
<arg>30 seconds</arg>
<tag>Config</tag>
<tag>Setter</tag>
<doc>Sets the timeout used by most input and getter keywords.</doc>
<status status="PASS" start="2025-04-09T14:37:53.699105" elapsed="1.312867"/>
</kw>
<kw name="Login To System" owner="login_page">
<kw name="Open Login Page" owner="login_page">
<kw name="New Browser" owner="Browser">
<msg time="2025-04-09T14:37:55.015974" level="INFO">{"browser": "chromium", "headless": false, "chromiumSandbox": false, "devtools": false, "handleSIGHUP": true, "handleSIGINT": true, "handleSIGTERM": true, "slowMo": 0.0, "timeout": 30000.0, "tracesDir": "D:\\WorkSpace\\anfo work\\robotframework\\tests\\login\\browser\\traces\\temp\\60cc4544-99fd-4018-ba79-34655f6adad3"}</msg>
<msg time="2025-04-09T14:37:55.911981" level="INFO">Successfully created browser with options: {"browser":"chromium","headless":false,"chromiumSandbox":false,"devtools":false,"handleSIGHUP":true,"handleSIGINT":true,"handleSIGTERM":true,"slowMo":0,"timeout":30000,"tracesDir":"D:\\WorkSpace\\anfo work\\robotframework\\tests\\login\\browser\\traces\\temp\\60cc4544-99fd-4018-ba79-34655f6adad3"}</msg>
<arg>browser=${BROWSER}</arg>
<arg>headless=${HEADLESS}</arg>
<tag>BrowserControl</tag>
<tag>Setter</tag>
<doc>Create a new playwright Browser with specified options.</doc>
<status status="PASS" start="2025-04-09T14:37:55.014979" elapsed="0.897002"/>
</kw>
<kw name="New Page" owner="Browser">
<msg time="2025-04-09T14:37:57.520751" level="INFO">Successfully initialized new page object and opened url: https://sinhvien.eaut.edu.vn/</msg>
<msg time="2025-04-09T14:37:57.520751" level="INFO">No context was open. New context was automatically opened when this page is created.</msg>
<arg>${URL}</arg>
<tag>BrowserControl</tag>
<tag>Setter</tag>
<doc>Open a new Page.</doc>
<status status="PASS" start="2025-04-09T14:37:55.912979" elapsed="1.608803"/>
</kw>
<status status="PASS" start="2025-04-09T14:37:55.013975" elapsed="2.507807"/>
</kw>
<kw name="Click Login Button" owner="login_page">
<kw name="Click" owner="Browser">
<msg time="2025-04-09T14:37:57.523771" level="INFO">Clicks the element 'text="Đăng nhập"'.</msg>
<arg>${LOGIN_BUTTON}</arg>
<tag>PageContent</tag>
<tag>Setter</tag>
<doc>Simulates mouse click on the element found by ``selector``.</doc>
<status status="PASS" start="2025-04-09T14:37:57.522787" elapsed="0.276972"/>
</kw>
<status status="PASS" start="2025-04-09T14:37:57.521782" elapsed="0.277977"/>
</kw>
<kw name="Input Username" owner="login_page">
<kw name="Fill Text" owner="Browser">
<msg time="2025-04-09T14:37:57.801754" level="INFO">Fills the text '20213410' in the given field.</msg>
<arg>${USERNAME_FIELD}</arg>
<arg>${username}</arg>
<tag>PageContent</tag>
<tag>Setter</tag>
<doc>Clears and fills the given ``txt`` into the text field found by ``selector``.</doc>
<status status="PASS" start="2025-04-09T14:37:57.801754" elapsed="0.078008"/>
</kw>
<arg>${username}</arg>
<status status="PASS" start="2025-04-09T14:37:57.800778" elapsed="0.079975"/>
</kw>
<kw name="Input Password" owner="login_page">
<kw name="Fill Text" owner="Browser">
<msg time="2025-04-09T14:37:57.881787" level="INFO">Fills the text 'cY25Cq' in the given field.</msg>
<arg>${PASSWORD_FIELD}</arg>
<arg>${password}</arg>
<tag>PageContent</tag>
<tag>Setter</tag>
<doc>Clears and fills the given ``txt`` into the text field found by ``selector``.</doc>
<status status="PASS" start="2025-04-09T14:37:57.880753" elapsed="0.020002"/>
</kw>
<arg>${password}</arg>
<status status="PASS" start="2025-04-09T14:37:57.880753" elapsed="0.020002"/>
</kw>
<kw name="Submit Login" owner="login_page">
<kw name="Click" owner="Browser">
<msg time="2025-04-09T14:37:57.902752" level="INFO">Clicks the element 'text="Đăng nhập"'.</msg>
<arg>${LOGIN_BUTTON}</arg>
<tag>PageContent</tag>
<tag>Setter</tag>
<doc>Simulates mouse click on the element found by ``selector``.</doc>
<status status="PASS" start="2025-04-09T14:37:57.901755" elapsed="0.249648"/>
</kw>
<status status="PASS" start="2025-04-09T14:37:57.900755" elapsed="0.250648"/>
</kw>
<status status="PASS" start="2025-04-09T14:37:55.012978" elapsed="3.139420"/>
</kw>
<kw name="Sleep" owner="BuiltIn">
<msg time="2025-04-09T14:38:00.153849" level="INFO">Slept 2 seconds.</msg>
<arg>2s</arg>
<doc>Pauses the test executed for the given time.</doc>
<status status="PASS" start="2025-04-09T14:37:58.153398" elapsed="2.000451"/>
</kw>
<kw name="Close Browser" owner="Browser" type="TEARDOWN">
<msg time="2025-04-09T14:38:00.671993" level="INFO">Closed all browsers</msg>
<arg>ALL</arg>
<tag>BrowserControl</tag>
<tag>Setter</tag>
<doc>Closes the current browser.</doc>
<status status="PASS" start="2025-04-09T14:38:00.154863" elapsed="0.517130"/>
</kw>
<status status="PASS" start="2025-04-09T14:37:53.698107" elapsed="6.974852"/>
</test>
<test id="s1-t2" name="Invalid Login Test" line="11">
<kw name="Set Browser Timeout" owner="Browser" type="SETUP">
<arg>30 seconds</arg>
<tag>Config</tag>
<tag>Setter</tag>
<doc>Sets the timeout used by most input and getter keywords.</doc>
<status status="PASS" start="2025-04-09T14:38:00.682959" elapsed="0.001035"/>
</kw>
<kw name="Login To System" owner="login_page">
<kw name="Open Login Page" owner="login_page">
<kw name="New Browser" owner="Browser">
<msg time="2025-04-09T14:38:00.685995" level="INFO">{"browser": "chromium", "headless": false, "chromiumSandbox": false, "devtools": false, "handleSIGHUP": true, "handleSIGINT": true, "handleSIGTERM": true, "slowMo": 0.0, "timeout": 30000.0, "tracesDir": "D:\\WorkSpace\\anfo work\\robotframework\\tests\\login\\browser\\traces\\temp\\82537ed2-c96e-4143-ba0b-7d8c8180f517"}</msg>
<msg time="2025-04-09T14:38:01.011976" level="INFO">Successfully created browser with options: {"browser":"chromium","headless":false,"chromiumSandbox":false,"devtools":false,"handleSIGHUP":true,"handleSIGINT":true,"handleSIGTERM":true,"slowMo":0,"timeout":30000,"tracesDir":"D:\\WorkSpace\\anfo work\\robotframework\\tests\\login\\browser\\traces\\temp\\82537ed2-c96e-4143-ba0b-7d8c8180f517"}</msg>
<arg>browser=${BROWSER}</arg>
<arg>headless=${HEADLESS}</arg>
<tag>BrowserControl</tag>
<tag>Setter</tag>
<doc>Create a new playwright Browser with specified options.</doc>
<status status="PASS" start="2025-04-09T14:38:00.684988" elapsed="0.327972"/>
</kw>
<kw name="New Page" owner="Browser">
<msg time="2025-04-09T14:38:02.770388" level="INFO">Successfully initialized new page object and opened url: https://sinhvien.eaut.edu.vn/</msg>
<msg time="2025-04-09T14:38:02.770388" level="INFO">No context was open. New context was automatically opened when this page is created.</msg>
<arg>${URL}</arg>
<tag>BrowserControl</tag>
<tag>Setter</tag>
<doc>Open a new Page.</doc>
<status status="PASS" start="2025-04-09T14:38:01.012960" elapsed="1.758428"/>
</kw>
<status status="PASS" start="2025-04-09T14:38:00.684988" elapsed="2.086400"/>
</kw>
<kw name="Click Login Button" owner="login_page">
<kw name="Click" owner="Browser">
<msg time="2025-04-09T14:38:02.773389" level="INFO">Clicks the element 'text="Đăng nhập"'.</msg>
<arg>${LOGIN_BUTTON}</arg>
<tag>PageContent</tag>
<tag>Setter</tag>
<doc>Simulates mouse click on the element found by ``selector``.</doc>
<status status="PASS" start="2025-04-09T14:38:02.772388" elapsed="0.261023"/>
</kw>
<status status="PASS" start="2025-04-09T14:38:02.771388" elapsed="0.263012"/>
</kw>
<kw name="Input Username" owner="login_page">
<kw name="Fill Text" owner="Browser">
<msg time="2025-04-09T14:38:03.035392" level="INFO">Fills the text 'invalid' in the given field.</msg>
<arg>${USERNAME_FIELD}</arg>
<arg>${username}</arg>
<tag>PageContent</tag>
<tag>Setter</tag>
<doc>Clears and fills the given ``txt`` into the text field found by ``selector``.</doc>
<status status="PASS" start="2025-04-09T14:38:03.035392" elapsed="0.082000"/>
</kw>
<arg>${username}</arg>
<status status="PASS" start="2025-04-09T14:38:03.034400" elapsed="0.082992"/>
</kw>
<kw name="Input Password" owner="login_page">
<kw name="Fill Text" owner="Browser">
<msg time="2025-04-09T14:38:03.118390" level="INFO">Fills the text 'invalid' in the given field.</msg>
<arg>${PASSWORD_FIELD}</arg>
<arg>${password}</arg>
<tag>PageContent</tag>
<tag>Setter</tag>
<doc>Clears and fills the given ``txt`` into the text field found by ``selector``.</doc>
<status status="PASS" start="2025-04-09T14:38:03.118390" elapsed="0.016001"/>
</kw>
<arg>${password}</arg>
<status status="PASS" start="2025-04-09T14:38:03.117392" elapsed="0.018000"/>
</kw>
<kw name="Submit Login" owner="login_page">
<kw name="Click" owner="Browser">
<msg time="2025-04-09T14:38:03.136389" level="INFO">Clicks the element 'text="Đăng nhập"'.</msg>
<arg>${LOGIN_BUTTON}</arg>
<tag>PageContent</tag>
<tag>Setter</tag>
<doc>Simulates mouse click on the element found by ``selector``.</doc>
<status status="PASS" start="2025-04-09T14:38:03.136389" elapsed="0.209386"/>
</kw>
<status status="PASS" start="2025-04-09T14:38:03.135392" elapsed="0.210383"/>
</kw>
<arg>username=invalid</arg>
<arg>password=invalid</arg>
<status status="PASS" start="2025-04-09T14:38:00.683994" elapsed="2.661781"/>
</kw>
<kw name="Sleep" owner="BuiltIn">
<msg time="2025-04-09T14:38:05.347060" level="INFO">Slept 2 seconds.</msg>
<arg>2s</arg>
<doc>Pauses the test executed for the given time.</doc>
<status status="PASS" start="2025-04-09T14:38:03.346776" elapsed="2.000284"/>
</kw>
<kw name="Close Browser" owner="Browser" type="TEARDOWN">
<msg time="2025-04-09T14:38:06.048169" level="INFO">Closed all browsers</msg>
<arg>ALL</arg>
<tag>BrowserControl</tag>
<tag>Setter</tag>
<doc>Closes the current browser.</doc>
<status status="PASS" start="2025-04-09T14:38:05.349063" elapsed="0.699106"/>
</kw>
<status status="PASS" start="2025-04-09T14:38:00.677964" elapsed="5.370205"/>
</test>
<status status="PASS" start="2025-04-09T14:37:53.133522" elapsed="12.920646"/>
</suite>
<statistics>
<total>
<stat pass="2" fail="0" skip="0">All Tests</stat>
</total>
<tag>
</tag>
<suite>
<stat name="Login Test" id="s1" pass="2" fail="0" skip="0">Login Test</stat>
</suite>
</statistics>
<errors>
</errors>
</robot>
