<?xml version="1.0" encoding="UTF-8"?>
<robot generator="Robot 7.2.2 (Python 3.11.9 on win32)" generated="2025-04-10T17:40:30.349888" rpa="false" schemaversion="5">
<suite id="s1" name="Teams Test" source="D:\WorkSpace\anfo work\robotframework\tests\search_teams\teams_test.robot">
<test id="s1-t1" name="Valid Search Test" line="9">
<kw name="Set Browser Timeout" owner="Browser" type="SETUP">
<msg time="2025-04-10T17:40:30.722278" level="INFO">Starting Browser process C:\Users\vua\AppData\Local\Packages\PythonSoftwareFoundation.Python.3.11_qbz5n2kfra8p0\LocalCache\local-packages\Python311\site-packages\Browser\wrapper\index.js using port 60129</msg>
<msg time="2025-04-10T17:40:30.722278" level="INFO">Node startup parameters: ['node', 'C:\\Users\\vua\\AppData\\Local\\Packages\\PythonSoftwareFoundation.Python.3.11_qbz5n2kfra8p0\\LocalCache\\local-packages\\Python311\\site-packages\\Browser\\wrapper\\index.js', '60129']</msg>
<arg>30 seconds</arg>
<tag>Config</tag>
<tag>Setter</tag>
<doc>Sets the timeout used by most input and getter keywords.</doc>
<status status="PASS" start="2025-04-10T17:40:30.676706" elapsed="1.713284"/>
</kw>
<kw name="Login To System" owner="login_page">
<kw name="Open Login Page" owner="login_page">
<kw name="New Browser" owner="Browser">
<msg time="2025-04-10T17:40:32.392991" level="INFO">{"browser": "chromium", "headless": false, "chromiumSandbox": false, "devtools": false, "handleSIGHUP": true, "handleSIGINT": true, "handleSIGTERM": true, "slowMo": 0.0, "timeout": 30000.0, "tracesDir": "D:\\WorkSpace\\anfo work\\robotframework\\tests\\search_teams\\browser\\traces\\temp\\cea0346f-5712-4ddc-872f-05912d9d7770"}</msg>
<msg time="2025-04-10T17:40:32.757924" level="INFO">Successfully created browser with options: {"browser":"chromium","headless":false,"chromiumSandbox":false,"devtools":false,"handleSIGHUP":true,"handleSIGINT":true,"handleSIGTERM":true,"slowMo":0,"timeout":30000,"tracesDir":"D:\\WorkSpace\\anfo work\\robotframework\\tests\\search_teams\\browser\\traces\\temp\\cea0346f-5712-4ddc-872f-05912d9d7770"}</msg>
<arg>browser=${BROWSER}</arg>
<arg>headless=${HEADLESS}</arg>
<tag>BrowserControl</tag>
<tag>Setter</tag>
<doc>Create a new playwright Browser with specified options.</doc>
<status status="PASS" start="2025-04-10T17:40:32.392001" elapsed="0.365923"/>
</kw>
<kw name="New Page" owner="Browser">
<msg time="2025-04-10T17:40:35.191451" level="INFO">Successfully initialized new page object and opened url: http://localhost:4200/welcome</msg>
<msg time="2025-04-10T17:40:35.191451" level="INFO">No context was open. New context was automatically opened when this page is created.</msg>
<arg>${URL}</arg>
<tag>BrowserControl</tag>
<tag>Setter</tag>
<doc>Open a new Page.</doc>
<status status="PASS" start="2025-04-10T17:40:32.758921" elapsed="2.433536"/>
</kw>
<kw name="Set Viewport Size" owner="Browser">
<msg time="2025-04-10T17:40:35.268458" level="INFO">Set viewport size to: [object Object]</msg>
<arg>1920</arg>
<arg>1080</arg>
<tag>BrowserControl</tag>
<tag>Setter</tag>
<doc>Sets current Pages viewport size to specified dimensions.</doc>
<status status="PASS" start="2025-04-10T17:40:35.192457" elapsed="0.083995"/>
</kw>
<status status="PASS" start="2025-04-10T17:40:32.392001" elapsed="2.887442"/>
</kw>
<kw name="Click Login Button" owner="login_page">
<kw name="Click" owner="Browser">
<msg time="2025-04-10T17:40:35.286453" level="INFO">Clicks the element 'text="Đăng nhập"'.</msg>
<arg>${LOGIN_BUTTON}</arg>
<tag>PageContent</tag>
<tag>Setter</tag>
<doc>Simulates mouse click on the element found by ``selector``.</doc>
<status status="PASS" start="2025-04-10T17:40:35.281440" elapsed="0.238147"/>
</kw>
<status status="PASS" start="2025-04-10T17:40:35.280441" elapsed="0.240156"/>
</kw>
<kw name="Input Username" owner="login_page">
<kw name="Fill Text" owner="Browser">
<msg time="2025-04-10T17:40:35.525582" level="INFO">Fills the text 'admin' in the given field.</msg>
<arg>${USERNAME_FIELD}</arg>
<arg>${username}</arg>
<tag>PageContent</tag>
<tag>Setter</tag>
<doc>Clears and fills the given ``txt`` into the text field found by ``selector``.</doc>
<status status="PASS" start="2025-04-10T17:40:35.522586" elapsed="0.037993"/>
</kw>
<arg>${username}</arg>
<status status="PASS" start="2025-04-10T17:40:35.520597" elapsed="0.039982"/>
</kw>
<kw name="Input Password" owner="login_page">
<kw name="Fill Text" owner="Browser">
<msg time="2025-04-10T17:40:35.562582" level="INFO">Fills the text 'admin11' in the given field.</msg>
<arg>${PASSWORD_FIELD}</arg>
<arg>${password}</arg>
<tag>PageContent</tag>
<tag>Setter</tag>
<doc>Clears and fills the given ``txt`` into the text field found by ``selector``.</doc>
<status status="PASS" start="2025-04-10T17:40:35.561579" elapsed="0.023004"/>
</kw>
<arg>${password}</arg>
<status status="PASS" start="2025-04-10T17:40:35.560579" elapsed="0.024004"/>
</kw>
<kw name="Submit Login" owner="login_page">
<kw name="Click" owner="Browser">
<msg time="2025-04-10T17:40:35.589582" level="INFO">Clicks the element 'xpath=//button[contains(text(),'ĐĂNG NHẬP')]'.</msg>
<arg>xpath=//button[contains(text(),'ĐĂNG NHẬP')]</arg>
<tag>PageContent</tag>
<tag>Setter</tag>
<doc>Simulates mouse click on the element found by ``selector``.</doc>
<status status="PASS" start="2025-04-10T17:40:35.586588" elapsed="0.051996"/>
</kw>
<status status="PASS" start="2025-04-10T17:40:35.585581" elapsed="0.053003"/>
</kw>
<status status="PASS" start="2025-04-10T17:40:32.390991" elapsed="3.247593"/>
</kw>
<kw name="Sleep" owner="BuiltIn">
<msg time="2025-04-10T17:40:37.640883" level="INFO">Slept 2 seconds.</msg>
<arg>2s</arg>
<doc>Pauses the test executed for the given time.</doc>
<status status="PASS" start="2025-04-10T17:40:35.639580" elapsed="2.001303"/>
</kw>
<kw name="Add to cart" owner="add_to_cart">
<kw name="Sidebar Search" owner="add_to_cart">
<kw name="Click" owner="Browser">
<msg time="2025-04-10T17:40:37.642859" level="INFO">Clicks the element 'xpath=//a[contains(text(),'Danh sách chuyến bay')]'.</msg>
<arg>xpath=//a[contains(text(),'Danh sách chuyến bay')]</arg>
<tag>PageContent</tag>
<tag>Setter</tag>
<doc>Simulates mouse click on the element found by ``selector``.</doc>
<status status="PASS" start="2025-04-10T17:40:37.641859" elapsed="0.134924"/>
</kw>
<status status="PASS" start="2025-04-10T17:40:37.641859" elapsed="0.134924"/>
</kw>
<kw name="Search flight" owner="add_to_cart">
<kw name="Fill Text" owner="Browser">
<msg time="2025-04-10T17:40:37.778778" level="INFO">Fills the text '112233' in the given field.</msg>
<arg>xpath=//input[@placeholder='Nhập từ khóa tìm kiếm']</arg>
<arg>112233</arg>
<tag>PageContent</tag>
<tag>Setter</tag>
<doc>Clears and fills the given ``txt`` into the text field found by ``selector``.</doc>
<status status="PASS" start="2025-04-10T17:40:37.778778" elapsed="0.072005"/>
</kw>
<kw name="Click" owner="Browser">
<msg time="2025-04-10T17:40:37.852781" level="INFO">Clicks the element 'xpath=//span[contains(text(),'Tìm kiếm')]'.</msg>
<arg>xpath=//span[contains(text(),'Tìm kiếm')]</arg>
<tag>PageContent</tag>
<tag>Setter</tag>
<doc>Simulates mouse click on the element found by ``selector``.</doc>
<status status="PASS" start="2025-04-10T17:40:37.850783" elapsed="0.078006"/>
</kw>
<kw name="Click" owner="Browser">
<msg time="2025-04-10T17:40:37.929783" level="INFO">Clicks the element 'xpath=//span[contains(text(),'Detail')]'.</msg>
<msg time="2025-04-10T17:40:38.215501" level="INFO" html="true">&lt;/td&gt;&lt;/tr&gt;&lt;tr&gt;&lt;td colspan="3"&gt;&lt;a href="browser/screenshot/fail-screenshot-1.png" target="_blank"&gt;&lt;img src="browser/screenshot/fail-screenshot-1.png" width="800px"/&gt;&lt;/a&gt;</msg>
<msg time="2025-04-10T17:40:38.215501" level="INFO">See also file:///D:/WorkSpace/anfo%20work/robotframework/tests/search_teams/playwright-log.txt for additional details.</msg>
<msg time="2025-04-10T17:40:38.216498" level="FAIL">Error: locator.click: Error: strict mode violation: locator('//span[contains(text(),\'Detail\')]') resolved to 2 elements:
    1) &lt;span data-pc-section="label" class="p-button-label ng-star-inserted"&gt;Detail&lt;/span&gt; aka getByRole('button', { name: 'Detail' }).first()
    2) &lt;span data-pc-section="label" class="p-button-label ng-star-inserted"&gt;Detail&lt;/span&gt; aka getByRole('button', { name: 'Detail' }).nth(1)

Call log:
  - waiting for locator('//span[contains(text(),\'Detail\')]')
</msg>
<arg>xpath=//span[contains(text(),'Detail')]</arg>
<tag>PageContent</tag>
<tag>Setter</tag>
<doc>Simulates mouse click on the element found by ``selector``.</doc>
<status status="FAIL" start="2025-04-10T17:40:37.928789" elapsed="0.307712">Error: locator.click: Error: strict mode violation: locator('//span[contains(text(),\'Detail\')]') resolved to 2 elements:
    1) &lt;span data-pc-section="label" class="p-button-label ng-star-inserted"&gt;Detail&lt;/span&gt; aka getByRole('button', { name: 'Detail' }).first()
    2) &lt;span data-pc-section="label" class="p-button-label ng-star-inserted"&gt;Detail&lt;/span&gt; aka getByRole('button', { name: 'Detail' }).nth(1)

Call log:
  - waiting for locator('//span[contains(text(),\'Detail\')]')
</status>
</kw>
<kw name="Click" owner="Browser">
<arg>xpath=//span[contains(text(),'Thêm vào giỏ hàng')]</arg>
<tag>PageContent</tag>
<tag>Setter</tag>
<doc>Simulates mouse click on the element found by ``selector``.</doc>
<status status="NOT RUN" start="2025-04-10T17:40:38.237574" elapsed="0.000944"/>
</kw>
<status status="FAIL" start="2025-04-10T17:40:37.777780" elapsed="0.461732">Error: locator.click: Error: strict mode violation: locator('//span[contains(text(),\'Detail\')]') resolved to 2 elements:
    1) &lt;span data-pc-section="label" class="p-button-label ng-star-inserted"&gt;Detail&lt;/span&gt; aka getByRole('button', { name: 'Detail' }).first()
    2) &lt;span data-pc-section="label" class="p-button-label ng-star-inserted"&gt;Detail&lt;/span&gt; aka getByRole('button', { name: 'Detail' }).nth(1)

Call log:
  - waiting for locator('//span[contains(text(),\'Detail\')]')
</status>
</kw>
<kw name="Add in to cart" owner="add_to_cart">
<status status="NOT RUN" start="2025-04-10T17:40:38.239512" elapsed="0.000991"/>
</kw>
<status status="FAIL" start="2025-04-10T17:40:37.640883" elapsed="0.599620">Error: locator.click: Error: strict mode violation: locator('//span[contains(text(),\'Detail\')]') resolved to 2 elements:
    1) &lt;span data-pc-section="label" class="p-button-label ng-star-inserted"&gt;Detail&lt;/span&gt; aka getByRole('button', { name: 'Detail' }).first()
    2) &lt;span data-pc-section="label" class="p-button-label ng-star-inserted"&gt;Detail&lt;/span&gt; aka getByRole('button', { name: 'Detail' }).nth(1)

Call log:
  - waiting for locator('//span[contains(text(),\'Detail\')]')
</status>
</kw>
<kw name="Sleep" owner="BuiltIn">
<arg>2s</arg>
<doc>Pauses the test executed for the given time.</doc>
<status status="NOT RUN" start="2025-04-10T17:40:38.241503" elapsed="0.000000"/>
</kw>
<kw name="Close Browser" owner="Browser" type="TEARDOWN">
<msg time="2025-04-10T17:40:39.005981" level="INFO">Closed all browsers</msg>
<arg>ALL</arg>
<tag>BrowserControl</tag>
<tag>Setter</tag>
<doc>Closes the current browser.</doc>
<status status="PASS" start="2025-04-10T17:40:38.242502" elapsed="0.763479"/>
</kw>
<status status="FAIL" start="2025-04-10T17:40:30.673707" elapsed="8.333276">Error: locator.click: Error: strict mode violation: locator('//span[contains(text(),\'Detail\')]') resolved to 2 elements:
    1) &lt;span data-pc-section="label" class="p-button-label ng-star-inserted"&gt;Detail&lt;/span&gt; aka getByRole('button', { name: 'Detail' }).first()
    2) &lt;span data-pc-section="label" class="p-button-label ng-star-inserted"&gt;Detail&lt;/span&gt; aka getByRole('button', { name: 'Detail' }).nth(1)

Call log:
  - waiting for locator('//span[contains(text(),\'Detail\')]')
</status>
</test>
<status status="FAIL" start="2025-04-10T17:40:30.352853" elapsed="8.664746"/>
</suite>
<statistics>
<total>
<stat pass="0" fail="1" skip="0">All Tests</stat>
</total>
<tag>
</tag>
<suite>
<stat name="Teams Test" id="s1" pass="0" fail="1" skip="0">Teams Test</stat>
</suite>
</statistics>
<errors>
</errors>
</robot>
